c:\users\justp\onedrive\documents\it266-f22\game-mod-q2\quake2-mod\ref_soft\release\vc143.pdb
c:\users\justp\onedrive\documents\it266-f22\game-mod-q2\quake2-mod\ref_soft\release\rw_ddraw.obj
c:\users\justp\onedrive\documents\it266-f22\game-mod-q2\quake2-mod\ref_soft\release\r_surf.obj
c:\users\justp\onedrive\documents\it266-f22\game-mod-q2\quake2-mod\ref_soft\release\r_sprite.obj
c:\users\justp\onedrive\documents\it266-f22\game-mod-q2\quake2-mod\ref_soft\release\r_scan.obj
c:\users\justp\onedrive\documents\it266-f22\game-mod-q2\quake2-mod\ref_soft\release\r_rast.obj
c:\users\justp\onedrive\documents\it266-f22\game-mod-q2\quake2-mod\ref_soft\release\r_polyse.obj
c:\users\justp\onedrive\documents\it266-f22\game-mod-q2\quake2-mod\ref_soft\release\r_poly.obj
c:\users\justp\onedrive\documents\it266-f22\game-mod-q2\quake2-mod\ref_soft\release\r_part.obj
c:\users\justp\onedrive\documents\it266-f22\game-mod-q2\quake2-mod\ref_soft\release\r_model.obj
c:\users\justp\onedrive\documents\it266-f22\game-mod-q2\quake2-mod\ref_soft\release\r_misc.obj
c:\users\justp\onedrive\documents\it266-f22\game-mod-q2\quake2-mod\ref_soft\release\r_main.obj
c:\users\justp\onedrive\documents\it266-f22\game-mod-q2\quake2-mod\ref_soft\release\r_light.obj
c:\users\justp\onedrive\documents\it266-f22\game-mod-q2\quake2-mod\ref_soft\release\r_image.obj
c:\users\justp\onedrive\documents\it266-f22\game-mod-q2\quake2-mod\ref_soft\release\r_edge.obj
c:\users\justp\onedrive\documents\it266-f22\game-mod-q2\quake2-mod\ref_soft\release\r_draw.obj
c:\users\justp\onedrive\documents\it266-f22\game-mod-q2\quake2-mod\ref_soft\release\r_bsp.obj
c:\users\justp\onedrive\documents\it266-f22\game-mod-q2\quake2-mod\ref_soft\release\r_alias.obj
c:\users\justp\onedrive\documents\it266-f22\game-mod-q2\quake2-mod\ref_soft\release\r_aclip.obj
c:\users\justp\onedrive\documents\it266-f22\game-mod-q2\quake2-mod\ref_soft\release\q_shwin.obj
c:\users\justp\onedrive\documents\it266-f22\game-mod-q2\quake2-mod\ref_soft\release\q_shared.obj
c:\users\justp\onedrive\documents\it266-f22\game-mod-q2\quake2-mod\ref_soft\release\rw_imp.obj
c:\users\justp\onedrive\documents\it266-f22\game-mod-q2\quake2-mod\ref_soft\release\rw_dib.obj
c:\users\justp\onedrive\documents\it266-f22\game-mod-q2\quake2-mod\release\.obj
c:\users\justp\onedrive\documents\it266-f22\game-mod-q2\quake2-mod\ref_soft\release\ref_soft.tlog\cl.command.1.tlog
c:\users\justp\onedrive\documents\it266-f22\game-mod-q2\quake2-mod\ref_soft\release\ref_soft.tlog\cl.read.1.tlog
c:\users\justp\onedrive\documents\it266-f22\game-mod-q2\quake2-mod\ref_soft\release\ref_soft.tlog\cl.write.1.tlog
c:\users\justp\onedrive\documents\it266-f22\game-mod-q2\quake2-mod\ref_soft\release\ref_soft.tlog\custombuild.command.1.tlog
c:\users\justp\onedrive\documents\it266-f22\game-mod-q2\quake2-mod\ref_soft\release\ref_soft.tlog\custombuild.read.1.tlog
c:\users\justp\onedrive\documents\it266-f22\game-mod-q2\quake2-mod\ref_soft\release\ref_soft.tlog\custombuild.write.1.tlog
c:\users\justp\onedrive\documents\it266-f22\game-mod-q2\quake2-mod\ref_soft\release\ref_soft.tlog\link.command.1.tlog
c:\users\justp\onedrive\documents\it266-f22\game-mod-q2\quake2-mod\ref_soft\release\ref_soft.tlog\link.read.1.tlog
c:\users\justp\onedrive\documents\it266-f22\game-mod-q2\quake2-mod\ref_soft\release\ref_soft.tlog\link.write.1.tlog
